<?xml version="1.0" encoding="UTF-8"?>
<testsuite name="com.casaFlamingo.tests.ChekImagesTest" tests="1" skipped="0" failures="0" errors="0" timestamp="2025-02-19T12:15:48" hostname="RTX2080" time="3.57">
  <properties/>
  <testcase name="isImage1Present" classname="com.casaFlamingo.tests.ChekImagesTest" time="3.57"/>
  <system-out><![CDATA[13:15:46.153 [Test worker] INFO  com.casaFlamingo.utils.MyListener -- The locator will find By.cssSelector: [href='#/']
13:15:46.154 [Test worker] INFO  com.casaFlamingo.utils.MyListener -- ------------------------------------------------------------
13:15:48.148 [Test worker] INFO  com.casaFlamingo.utils.MyListener -- The locator found By.cssSelector: [href='#/']
13:15:48.148 [Test worker] INFO  com.casaFlamingo.utils.MyListener -- ------------------------------------------------------------
13:15:48.241 [Test worker] INFO  com.casaFlamingo.utils.MyListener -- Before fine elements By.cssSelector: img
13:15:48.242 [Test worker] INFO  com.casaFlamingo.utils.MyListener -- ------------------------------------------------------------
13:15:48.264 [Test worker] INFO  com.casaFlamingo.utils.MyListener -- List size is 11
13:15:48.265 [Test worker] INFO  com.casaFlamingo.utils.MyListener -- ------------------------------------------------------------
11 - images
13:15:48.266 [Test worker] INFO  com.casaFlamingo.utils.MyListener -- Before fine elements By.cssSelector: img
13:15:48.266 [Test worker] INFO  com.casaFlamingo.utils.MyListener -- ------------------------------------------------------------
13:15:48.284 [Test worker] INFO  com.casaFlamingo.utils.MyListener -- List size is 11
13:15:48.285 [Test worker] INFO  com.casaFlamingo.utils.MyListener -- ------------------------------------------------------------
13:15:48.285 [Test worker] INFO  com.casaFlamingo.utils.MyListener -- Before fine elements By.cssSelector: img
13:15:48.285 [Test worker] INFO  com.casaFlamingo.utils.MyListener -- ------------------------------------------------------------
13:15:48.300 [Test worker] INFO  com.casaFlamingo.utils.MyListener -- List size is 11
13:15:48.300 [Test worker] INFO  com.casaFlamingo.utils.MyListener -- ------------------------------------------------------------
https://hostel-casa-flamingo-f95tn.ondigitalocean.app/assets/images/logo.png - OK
DISPLAYED - OK
13:15:50.393 [Test worker] INFO  com.casaFlamingo.utils.MyListener -- Before fine elements By.cssSelector: img
13:15:50.394 [Test worker] INFO  com.casaFlamingo.utils.MyListener -- ------------------------------------------------------------
13:15:50.406 [Test worker] INFO  com.casaFlamingo.utils.MyListener -- List size is 11
13:15:50.406 [Test worker] INFO  com.casaFlamingo.utils.MyListener -- ------------------------------------------------------------
13:15:50.407 [Test worker] INFO  com.casaFlamingo.utils.MyListener -- Before fine elements By.cssSelector: img
13:15:50.407 [Test worker] INFO  com.casaFlamingo.utils.MyListener -- ------------------------------------------------------------
13:15:50.418 [Test worker] INFO  com.casaFlamingo.utils.MyListener -- List size is 11
13:15:50.419 [Test worker] INFO  com.casaFlamingo.utils.MyListener -- ------------------------------------------------------------
https://hostel-casa-flamingo.fra1.digitaloceanspaces.com/hostel-casa-flamingo/rooms/137/images/a07996da-9dd5-4a7e-9014-28a19e1938e5_photo_2_2025-02-12_09-58-21.jpg - OK
DISPLAYED - OK
13:15:50.629 [Test worker] INFO  com.casaFlamingo.utils.MyListener -- Before fine elements By.cssSelector: img
13:15:50.629 [Test worker] INFO  com.casaFlamingo.utils.MyListener -- ------------------------------------------------------------
13:15:50.641 [Test worker] INFO  com.casaFlamingo.utils.MyListener -- List size is 11
13:15:50.642 [Test worker] INFO  com.casaFlamingo.utils.MyListener -- ------------------------------------------------------------
13:15:50.642 [Test worker] INFO  com.casaFlamingo.utils.MyListener -- Before fine elements By.cssSelector: img
13:15:50.642 [Test worker] INFO  com.casaFlamingo.utils.MyListener -- ------------------------------------------------------------
13:15:50.653 [Test worker] INFO  com.casaFlamingo.utils.MyListener -- List size is 11
13:15:50.655 [Test worker] INFO  com.casaFlamingo.utils.MyListener -- ------------------------------------------------------------
https://hostel-casa-flamingo.fra1.digitaloceanspaces.com/hostel-casa-flamingo/rooms/138/images/2750eadd-f0b1-4df6-a267-5dc2efccd5b5_big.jpg - OK
DISPLAYED - OK
13:15:50.792 [Test worker] INFO  com.casaFlamingo.utils.MyListener -- Before fine elements By.cssSelector: img
13:15:50.792 [Test worker] INFO  com.casaFlamingo.utils.MyListener -- ------------------------------------------------------------
13:15:50.803 [Test worker] INFO  com.casaFlamingo.utils.MyListener -- List size is 11
13:15:50.804 [Test worker] INFO  com.casaFlamingo.utils.MyListener -- ------------------------------------------------------------
13:15:50.804 [Test worker] INFO  com.casaFlamingo.utils.MyListener -- Before fine elements By.cssSelector: img
13:15:50.804 [Test worker] INFO  com.casaFlamingo.utils.MyListener -- ------------------------------------------------------------
13:15:50.816 [Test worker] INFO  com.casaFlamingo.utils.MyListener -- List size is 11
13:15:50.817 [Test worker] INFO  com.casaFlamingo.utils.MyListener -- ------------------------------------------------------------
https://hostel-casa-flamingo.fra1.digitaloceanspaces.com/hostel-casa-flamingo/rooms/157/images/d133d79a-4785-405e-9763-fb8258566616_photo_12_2025-02-12_09-58-21.jpg - OK
DISPLAYED - OK
13:15:50.956 [Test worker] INFO  com.casaFlamingo.utils.MyListener -- Before fine elements By.cssSelector: img
13:15:50.957 [Test worker] INFO  com.casaFlamingo.utils.MyListener -- ------------------------------------------------------------
13:15:50.968 [Test worker] INFO  com.casaFlamingo.utils.MyListener -- List size is 11
13:15:50.968 [Test worker] INFO  com.casaFlamingo.utils.MyListener -- ------------------------------------------------------------
13:15:50.968 [Test worker] INFO  com.casaFlamingo.utils.MyListener -- Before fine elements By.cssSelector: img
13:15:50.968 [Test worker] INFO  com.casaFlamingo.utils.MyListener -- ------------------------------------------------------------
13:15:50.978 [Test worker] INFO  com.casaFlamingo.utils.MyListener -- List size is 11
13:15:50.979 [Test worker] INFO  com.casaFlamingo.utils.MyListener -- ------------------------------------------------------------
https://hostel-casa-flamingo.fra1.digitaloceanspaces.com/hostel-casa-flamingo/rooms/158/images/3a4db0b0-3e99-44af-b1aa-f97e9cfa557a_photo_27_2025-02-12_09-58-21.jpg - OK
DISPLAYED - OK
13:15:51.100 [Test worker] INFO  com.casaFlamingo.utils.MyListener -- Before fine elements By.cssSelector: img
13:15:51.100 [Test worker] INFO  com.casaFlamingo.utils.MyListener -- ------------------------------------------------------------
13:15:51.111 [Test worker] INFO  com.casaFlamingo.utils.MyListener -- List size is 11
13:15:51.111 [Test worker] INFO  com.casaFlamingo.utils.MyListener -- ------------------------------------------------------------
13:15:51.112 [Test worker] INFO  com.casaFlamingo.utils.MyListener -- Before fine elements By.cssSelector: img
13:15:51.112 [Test worker] INFO  com.casaFlamingo.utils.MyListener -- ------------------------------------------------------------
13:15:51.122 [Test worker] INFO  com.casaFlamingo.utils.MyListener -- List size is 11
13:15:51.122 [Test worker] INFO  com.casaFlamingo.utils.MyListener -- ------------------------------------------------------------
https://hostel-casa-flamingo.fra1.digitaloceanspaces.com/hostel-casa-flamingo/rooms/159/images/c8d0ba35-e07d-4dc5-b021-2fa2510e4f14_photo_20_2025-02-12_09-58-21.jpg - OK
DISPLAYED - OK
13:15:51.242 [Test worker] INFO  com.casaFlamingo.utils.MyListener -- Before fine elements By.cssSelector: img
13:15:51.242 [Test worker] INFO  com.casaFlamingo.utils.MyListener -- ------------------------------------------------------------
13:15:51.252 [Test worker] INFO  com.casaFlamingo.utils.MyListener -- List size is 11
13:15:51.253 [Test worker] INFO  com.casaFlamingo.utils.MyListener -- ------------------------------------------------------------
13:15:51.253 [Test worker] INFO  com.casaFlamingo.utils.MyListener -- Before fine elements By.cssSelector: img
13:15:51.253 [Test worker] INFO  com.casaFlamingo.utils.MyListener -- ------------------------------------------------------------
13:15:51.263 [Test worker] INFO  com.casaFlamingo.utils.MyListener -- List size is 11
13:15:51.263 [Test worker] INFO  com.casaFlamingo.utils.MyListener -- ------------------------------------------------------------
https://hostel-casa-flamingo.fra1.digitaloceanspaces.com/hostel-casa-flamingo/rooms/160/images/b0c1ac0a-94cc-44b3-9fe2-0d04d144e0bc_photo_9_2025-02-12_09-58-21.jpg - OK
DISPLAYED - OK
13:15:51.387 [Test worker] INFO  com.casaFlamingo.utils.MyListener -- Before fine elements By.cssSelector: img
13:15:51.387 [Test worker] INFO  com.casaFlamingo.utils.MyListener -- ------------------------------------------------------------
13:15:51.397 [Test worker] INFO  com.casaFlamingo.utils.MyListener -- List size is 11
13:15:51.398 [Test worker] INFO  com.casaFlamingo.utils.MyListener -- ------------------------------------------------------------
13:15:51.398 [Test worker] INFO  com.casaFlamingo.utils.MyListener -- Before fine elements By.cssSelector: img
13:15:51.398 [Test worker] INFO  com.casaFlamingo.utils.MyListener -- ------------------------------------------------------------
13:15:51.410 [Test worker] INFO  com.casaFlamingo.utils.MyListener -- List size is 11
13:15:51.411 [Test worker] INFO  com.casaFlamingo.utils.MyListener -- ------------------------------------------------------------
https://hostel-casa-flamingo-f95tn.ondigitalocean.app/assets/images/Clean.jpg - OK
DISPLAYED - OK
13:15:51.493 [Test worker] INFO  com.casaFlamingo.utils.MyListener -- Before fine elements By.cssSelector: img
13:15:51.493 [Test worker] INFO  com.casaFlamingo.utils.MyListener -- ------------------------------------------------------------
13:15:51.504 [Test worker] INFO  com.casaFlamingo.utils.MyListener -- List size is 11
13:15:51.504 [Test worker] INFO  com.casaFlamingo.utils.MyListener -- ------------------------------------------------------------
13:15:51.504 [Test worker] INFO  com.casaFlamingo.utils.MyListener -- Before fine elements By.cssSelector: img
13:15:51.505 [Test worker] INFO  com.casaFlamingo.utils.MyListener -- ------------------------------------------------------------
13:15:51.514 [Test worker] INFO  com.casaFlamingo.utils.MyListener -- List size is 11
13:15:51.515 [Test worker] INFO  com.casaFlamingo.utils.MyListener -- ------------------------------------------------------------
https://hostel-casa-flamingo-f95tn.ondigitalocean.app/assets/images/flamingoImage.jpg - OK
DISPLAYED - OK
13:15:51.586 [Test worker] INFO  com.casaFlamingo.utils.MyListener -- Before fine elements By.cssSelector: img
13:15:51.587 [Test worker] INFO  com.casaFlamingo.utils.MyListener -- ------------------------------------------------------------
13:15:51.595 [Test worker] INFO  com.casaFlamingo.utils.MyListener -- List size is 11
13:15:51.596 [Test worker] INFO  com.casaFlamingo.utils.MyListener -- ------------------------------------------------------------
13:15:51.597 [Test worker] INFO  com.casaFlamingo.utils.MyListener -- Before fine elements By.cssSelector: img
13:15:51.597 [Test worker] INFO  com.casaFlamingo.utils.MyListener -- ------------------------------------------------------------
13:15:51.608 [Test worker] INFO  com.casaFlamingo.utils.MyListener -- List size is 11
13:15:51.608 [Test worker] INFO  com.casaFlamingo.utils.MyListener -- ------------------------------------------------------------
https://hostel-casa-flamingo-f95tn.ondigitalocean.app/assets/images/baggage.webp - OK
DISPLAYED - OK
13:15:51.696 [Test worker] INFO  com.casaFlamingo.utils.MyListener -- Before fine elements By.cssSelector: img
13:15:51.696 [Test worker] INFO  com.casaFlamingo.utils.MyListener -- ------------------------------------------------------------
13:15:51.706 [Test worker] INFO  com.casaFlamingo.utils.MyListener -- List size is 11
13:15:51.706 [Test worker] INFO  com.casaFlamingo.utils.MyListener -- ------------------------------------------------------------
13:15:51.706 [Test worker] INFO  com.casaFlamingo.utils.MyListener -- Before fine elements By.cssSelector: img
13:15:51.707 [Test worker] INFO  com.casaFlamingo.utils.MyListener -- ------------------------------------------------------------
13:15:51.719 [Test worker] INFO  com.casaFlamingo.utils.MyListener -- List size is 11
13:15:51.720 [Test worker] INFO  com.casaFlamingo.utils.MyListener -- ------------------------------------------------------------
https://hostel-casa-flamingo-f95tn.ondigitalocean.app/assets/images/searf.jpg - OK
DISPLAYED - OK
13:15:51.798 [Test worker] INFO  com.casaFlamingo.utils.MyListener -- Before fine elements By.cssSelector: img
13:15:51.798 [Test worker] INFO  com.casaFlamingo.utils.MyListener -- ------------------------------------------------------------
13:15:51.808 [Test worker] INFO  com.casaFlamingo.utils.MyListener -- List size is 11
13:15:51.808 [Test worker] INFO  com.casaFlamingo.utils.MyListener -- ------------------------------------------------------------
13:15:51.812 [Test worker] INFO  com.casaFlamingo.tests.TestBase -- Test result: PASSEDisImage1Present
13:15:51.813 [Test worker] INFO  com.casaFlamingo.tests.TestBase -- *******************************************************
]]></system-out>
  <system-err><![CDATA[февр. 19, 2025 1:15:41 PM org.openqa.selenium.manager.SeleniumManager lambda$runCommand$1
WARNING: The chromedriver version (132.0.6834.159) detected in PATH at E:\Java\Tools\chromedriver.exe might not be compatible with the detected chrome version (133.0.6943.98); currently, chromedriver 133.0.6943.126 is recommended for chrome 133.*, so it is advised to delete the driver in PATH and retry
февр. 19, 2025 1:15:42 PM org.openqa.selenium.devtools.CdpVersionFinder findNearestMatch
WARNING: Unable to find an exact match for CDP version 133, returning the closest version; found: 132; Please update to a Selenium version that supports CDP version 133
]]></system-err>
</testsuite>
