<?xml version="1.0" encoding="UTF-8"?>
<testsuite name="com.casaFlamingo.tests.HomePageTest" tests="1" skipped="0" failures="0" errors="0" timestamp="2025-02-01T19:55:26" hostname="RTX2080" time="0.103">
  <properties/>
  <testcase name="isHomePagePresent" classname="com.casaFlamingo.tests.HomePageTest" time="0.103"/>
  <system-out><![CDATA[]]></system-out>
  <system-err><![CDATA[]]></system-err>
</testsuite>
