<?xml version="1.0" encoding="UTF-8"?>
<testsuite name="com.casaFlamingo.tests.LoginPositiveTests" tests="2" skipped="0" failures="0" errors="0" timestamp="2025-02-06T19:37:04" hostname="RTX2080" time="13.54">
  <properties/>
  <testcase name="loginAsAdministratorPositiveTest" classname="com.casaFlamingo.tests.LoginPositiveTests" time="0.839"/>
  <testcase name="loginAsUserPositiveTest" classname="com.casaFlamingo.tests.LoginPositiveTests" time="5.697"/>
  <system-out><![CDATA[20:37:02.598 [Test worker] INFO  com.casaFlamingo.utils.MyListener -- The locator will find By.xpath: //button[@class="button1"]
20:37:02.599 [Test worker] INFO  com.casaFlamingo.utils.MyListener -- ------------------------------------------------------------
20:37:04.429 [Test worker] INFO  com.casaFlamingo.utils.MyListener -- The locator found By.xpath: //button[@class="button1"]
20:37:04.429 [Test worker] INFO  com.casaFlamingo.utils.MyListener -- ------------------------------------------------------------
20:37:04.500 [Test worker] INFO  com.casaFlamingo.utils.MyListener -- The locator will find By.cssSelector: [href='#/loginpage']
20:37:04.500 [Test worker] INFO  com.casaFlamingo.utils.MyListener -- ------------------------------------------------------------
20:37:04.517 [Test worker] INFO  com.casaFlamingo.utils.MyListener -- The locator found By.cssSelector: [href='#/loginpage']
20:37:04.517 [Test worker] INFO  com.casaFlamingo.utils.MyListener -- ------------------------------------------------------------
20:37:04.600 [Test worker] INFO  com.casaFlamingo.utils.MyListener -- The locator will find By.xpath: //button[.='Login']
20:37:04.600 [Test worker] INFO  com.casaFlamingo.utils.MyListener -- ------------------------------------------------------------
20:37:04.618 [Test worker] INFO  com.casaFlamingo.utils.MyListener -- The locator found By.xpath: //button[.='Login']
20:37:04.618 [Test worker] INFO  com.casaFlamingo.utils.MyListener -- ------------------------------------------------------------
20:37:04.732 [Test worker] INFO  com.casaFlamingo.utils.MyListener -- The locator will find By.xpath: //input[@name='userEmail']
20:37:04.732 [Test worker] INFO  com.casaFlamingo.utils.MyListener -- ------------------------------------------------------------
20:37:04.751 [Test worker] INFO  com.casaFlamingo.utils.MyListener -- The locator found By.xpath: //input[@name='userEmail']
20:37:04.751 [Test worker] INFO  com.casaFlamingo.utils.MyListener -- ------------------------------------------------------------
20:37:04.817 [Test worker] INFO  com.casaFlamingo.utils.MyListener -- The locator will find By.xpath: //input[@name='userEmail']
20:37:04.818 [Test worker] INFO  com.casaFlamingo.utils.MyListener -- ------------------------------------------------------------
20:37:04.831 [Test worker] INFO  com.casaFlamingo.utils.MyListener -- The locator found By.xpath: //input[@name='userEmail']
20:37:04.831 [Test worker] INFO  com.casaFlamingo.utils.MyListener -- ------------------------------------------------------------
20:37:04.902 [Test worker] INFO  com.casaFlamingo.utils.MyListener -- The locator will find By.xpath: //input[@name='userEmail']
20:37:04.902 [Test worker] INFO  com.casaFlamingo.utils.MyListener -- ------------------------------------------------------------
20:37:04.915 [Test worker] INFO  com.casaFlamingo.utils.MyListener -- The locator found By.xpath: //input[@name='userEmail']
20:37:04.915 [Test worker] INFO  com.casaFlamingo.utils.MyListener -- ------------------------------------------------------------
20:37:05.026 [Test worker] INFO  com.casaFlamingo.utils.MyListener -- The locator will find By.xpath: //input[@name='password']
20:37:05.026 [Test worker] INFO  com.casaFlamingo.utils.MyListener -- ------------------------------------------------------------
20:37:05.042 [Test worker] INFO  com.casaFlamingo.utils.MyListener -- The locator found By.xpath: //input[@name='password']
20:37:05.042 [Test worker] INFO  com.casaFlamingo.utils.MyListener -- ------------------------------------------------------------
20:37:05.095 [Test worker] INFO  com.casaFlamingo.utils.MyListener -- The locator will find By.xpath: //input[@name='password']
20:37:05.095 [Test worker] INFO  com.casaFlamingo.utils.MyListener -- ------------------------------------------------------------
20:37:05.107 [Test worker] INFO  com.casaFlamingo.utils.MyListener -- The locator found By.xpath: //input[@name='password']
20:37:05.108 [Test worker] INFO  com.casaFlamingo.utils.MyListener -- ------------------------------------------------------------
20:37:05.148 [Test worker] INFO  com.casaFlamingo.utils.MyListener -- The locator will find By.xpath: //input[@name='password']
20:37:05.148 [Test worker] INFO  com.casaFlamingo.utils.MyListener -- ------------------------------------------------------------
20:37:05.161 [Test worker] INFO  com.casaFlamingo.utils.MyListener -- The locator found By.xpath: //input[@name='password']
20:37:05.161 [Test worker] INFO  com.casaFlamingo.utils.MyListener -- ------------------------------------------------------------
20:37:05.223 [Test worker] INFO  com.casaFlamingo.utils.MyListener -- The locator will find By.xpath: //button[.='Login' and @type='submit']
20:37:05.223 [Test worker] INFO  com.casaFlamingo.utils.MyListener -- ------------------------------------------------------------
20:37:05.239 [Test worker] INFO  com.casaFlamingo.utils.MyListener -- The locator found By.xpath: //button[.='Login' and @type='submit']
20:37:05.240 [Test worker] INFO  com.casaFlamingo.utils.MyListener -- ------------------------------------------------------------
20:37:05.291 [Test worker] INFO  com.casaFlamingo.utils.MyListener -- The locator will find By.xpath: //a[contains(text(),'Rooms management')]
20:37:05.291 [Test worker] INFO  com.casaFlamingo.utils.MyListener -- ------------------------------------------------------------
20:37:05.509 [Test worker] INFO  com.casaFlamingo.utils.MyListener -- The locator found By.xpath: //a[contains(text(),'Rooms management')]
20:37:05.510 [Test worker] INFO  com.casaFlamingo.utils.MyListener -- ------------------------------------------------------------
20:37:05.549 [Test worker] INFO  com.casaFlamingo.tests.TestBase -- Test result: PASSEDloginAsAdministratorPositiveTest
20:37:05.549 [Test worker] INFO  com.casaFlamingo.tests.TestBase -- *******************************************************
20:37:10.333 [Test worker] INFO  com.casaFlamingo.utils.MyListener -- The locator will find By.xpath: //button[@class="button1"]
20:37:10.333 [Test worker] INFO  com.casaFlamingo.utils.MyListener -- ------------------------------------------------------------
20:37:12.257 [Test worker] INFO  com.casaFlamingo.utils.MyListener -- The locator found By.xpath: //button[@class="button1"]
20:37:12.257 [Test worker] INFO  com.casaFlamingo.utils.MyListener -- ------------------------------------------------------------
20:37:12.331 [Test worker] INFO  com.casaFlamingo.utils.MyListener -- The locator will find By.cssSelector: [href='#/loginpage']
20:37:12.331 [Test worker] INFO  com.casaFlamingo.utils.MyListener -- ------------------------------------------------------------
20:37:12.350 [Test worker] INFO  com.casaFlamingo.utils.MyListener -- The locator found By.cssSelector: [href='#/loginpage']
20:37:12.351 [Test worker] INFO  com.casaFlamingo.utils.MyListener -- ------------------------------------------------------------
20:37:12.439 [Test worker] INFO  com.casaFlamingo.utils.MyListener -- The locator will find By.xpath: //button[.='Login']
20:37:12.440 [Test worker] INFO  com.casaFlamingo.utils.MyListener -- ------------------------------------------------------------
20:37:12.462 [Test worker] INFO  com.casaFlamingo.utils.MyListener -- The locator found By.xpath: //button[.='Login']
20:37:12.462 [Test worker] INFO  com.casaFlamingo.utils.MyListener -- ------------------------------------------------------------
20:37:12.542 [Test worker] INFO  com.casaFlamingo.utils.MyListener -- The locator will find By.xpath: //input[@name='userEmail']
20:37:12.542 [Test worker] INFO  com.casaFlamingo.utils.MyListener -- ------------------------------------------------------------
20:37:12.560 [Test worker] INFO  com.casaFlamingo.utils.MyListener -- The locator found By.xpath: //input[@name='userEmail']
20:37:12.560 [Test worker] INFO  com.casaFlamingo.utils.MyListener -- ------------------------------------------------------------
20:37:12.632 [Test worker] INFO  com.casaFlamingo.utils.MyListener -- The locator will find By.xpath: //input[@name='userEmail']
20:37:12.632 [Test worker] INFO  com.casaFlamingo.utils.MyListener -- ------------------------------------------------------------
20:37:12.649 [Test worker] INFO  com.casaFlamingo.utils.MyListener -- The locator found By.xpath: //input[@name='userEmail']
20:37:12.649 [Test worker] INFO  com.casaFlamingo.utils.MyListener -- ------------------------------------------------------------
20:37:12.696 [Test worker] INFO  com.casaFlamingo.utils.MyListener -- The locator will find By.xpath: //input[@name='userEmail']
20:37:12.697 [Test worker] INFO  com.casaFlamingo.utils.MyListener -- ------------------------------------------------------------
20:37:12.711 [Test worker] INFO  com.casaFlamingo.utils.MyListener -- The locator found By.xpath: //input[@name='userEmail']
20:37:12.712 [Test worker] INFO  com.casaFlamingo.utils.MyListener -- ------------------------------------------------------------
20:37:12.815 [Test worker] INFO  com.casaFlamingo.utils.MyListener -- The locator will find By.xpath: //input[@name='password']
20:37:12.815 [Test worker] INFO  com.casaFlamingo.utils.MyListener -- ------------------------------------------------------------
20:37:12.834 [Test worker] INFO  com.casaFlamingo.utils.MyListener -- The locator found By.xpath: //input[@name='password']
20:37:12.835 [Test worker] INFO  com.casaFlamingo.utils.MyListener -- ------------------------------------------------------------
20:37:12.890 [Test worker] INFO  com.casaFlamingo.utils.MyListener -- The locator will find By.xpath: //input[@name='password']
20:37:12.890 [Test worker] INFO  com.casaFlamingo.utils.MyListener -- ------------------------------------------------------------
20:37:12.904 [Test worker] INFO  com.casaFlamingo.utils.MyListener -- The locator found By.xpath: //input[@name='password']
20:37:12.904 [Test worker] INFO  com.casaFlamingo.utils.MyListener -- ------------------------------------------------------------
20:37:12.947 [Test worker] INFO  com.casaFlamingo.utils.MyListener -- The locator will find By.xpath: //input[@name='password']
20:37:12.948 [Test worker] INFO  com.casaFlamingo.utils.MyListener -- ------------------------------------------------------------
20:37:12.960 [Test worker] INFO  com.casaFlamingo.utils.MyListener -- The locator found By.xpath: //input[@name='password']
20:37:12.960 [Test worker] INFO  com.casaFlamingo.utils.MyListener -- ------------------------------------------------------------
20:37:13.016 [Test worker] INFO  com.casaFlamingo.utils.MyListener -- The locator will find By.xpath: //button[.='Login' and @type='submit']
20:37:13.017 [Test worker] INFO  com.casaFlamingo.utils.MyListener -- ------------------------------------------------------------
20:37:13.035 [Test worker] INFO  com.casaFlamingo.utils.MyListener -- The locator found By.xpath: //button[.='Login' and @type='submit']
20:37:13.036 [Test worker] INFO  com.casaFlamingo.utils.MyListener -- ------------------------------------------------------------
20:37:18.117 [Test worker] INFO  com.casaFlamingo.utils.MyListener -- The locator will find By.xpath: //a[contains(text(),'My profile')]
20:37:18.117 [Test worker] INFO  com.casaFlamingo.utils.MyListener -- ------------------------------------------------------------
20:37:18.135 [Test worker] INFO  com.casaFlamingo.utils.MyListener -- The locator found By.xpath: //a[contains(text(),'My profile')]
20:37:18.135 [Test worker] INFO  com.casaFlamingo.utils.MyListener -- ------------------------------------------------------------
20:37:18.199 [Test worker] INFO  com.casaFlamingo.utils.MyListener -- The locator will find By.xpath: //body//div//main//main//div//p[1]
20:37:18.200 [Test worker] INFO  com.casaFlamingo.utils.MyListener -- ------------------------------------------------------------
20:37:18.218 [Test worker] INFO  com.casaFlamingo.utils.MyListener -- The locator found By.xpath: //body//div//main//main//div//p[1]
20:37:18.219 [Test worker] INFO  com.casaFlamingo.utils.MyListener -- ------------------------------------------------------------
20:37:18.241 [Test worker] INFO  com.casaFlamingo.tests.TestBase -- Test result: PASSEDloginAsUserPositiveTest
20:37:18.241 [Test worker] INFO  com.casaFlamingo.tests.TestBase -- *******************************************************
]]></system-out>
  <system-err><![CDATA[февр. 06, 2025 8:36:57 PM org.openqa.selenium.devtools.CdpVersionFinder findNearestMatch
WARNING: Unable to find CDP implementation matching 118
февр. 06, 2025 8:36:57 PM org.openqa.selenium.chromium.ChromiumDriver lambda$new$4
WARNING: Unable to find version of CDP to use for 118.0.5993.159. You may need to include a dependency on a specific version of the CDP using something similar to `org.seleniumhq.selenium:selenium-devtools-v86:4.28.1` where the version ("v86") matches the version of the chromium-based browser you're using and the version number of the artifact is the same as Selenium's.
февр. 06, 2025 8:37:06 PM org.openqa.selenium.devtools.CdpVersionFinder findNearestMatch
WARNING: Unable to find CDP implementation matching 118
февр. 06, 2025 8:37:06 PM org.openqa.selenium.chromium.ChromiumDriver lambda$new$4
WARNING: Unable to find version of CDP to use for 118.0.5993.159. You may need to include a dependency on a specific version of the CDP using something similar to `org.seleniumhq.selenium:selenium-devtools-v86:4.28.1` where the version ("v86") matches the version of the chromium-based browser you're using and the version number of the artifact is the same as Selenium's.
]]></system-err>
</testsuite>
